<?xml version="1.0" encoding="UTF-8"?>
<coverage generated="1715813540252" clover="3.2.0">
  <project timestamp="1715813540252" name="All files">
    <metrics statements="26" coveredstatements="26" conditionals="3" coveredconditionals="3" methods="10" coveredmethods="10" elements="39" coveredelements="39" complexity="0" loc="26" ncloc="26" packages="1" files="5" classes="5"/>
    <file name="calculate.ts" path="/home/tomas/Downloads/Calculator - Base/src/utils/calculate.ts">
      <metrics statements="6" coveredstatements="6" conditionals="0" coveredconditionals="0" methods="1" coveredmethods="1"/>
      <line num="1" count="1" type="stmt"/>
      <line num="3" count="1" type="stmt"/>
      <line num="8" count="4" type="stmt"/>
      <line num="9" count="4" type="stmt"/>
      <line num="10" count="4" type="stmt"/>
      <line num="12" count="4" type="stmt"/>
    </file>
    <file name="isDot.ts" path="/home/tomas/Downloads/Calculator - Base/src/utils/isDot.ts">
      <metrics statements="2" coveredstatements="2" conditionals="0" coveredconditionals="0" methods="1" coveredmethods="1"/>
      <line num="1" count="1" type="stmt"/>
      <line num="2" count="3" type="stmt"/>
    </file>
    <file name="isNumber.ts" path="/home/tomas/Downloads/Calculator - Base/src/utils/isNumber.ts">
      <metrics statements="2" coveredstatements="2" conditionals="0" coveredconditionals="0" methods="1" coveredmethods="1"/>
      <line num="1" count="1" type="stmt"/>
      <line num="2" count="4" type="stmt"/>
    </file>
    <file name="operations.ts" path="/home/tomas/Downloads/Calculator - Base/src/utils/operations.ts">
      <metrics statements="13" coveredstatements="13" conditionals="0" coveredconditionals="0" methods="6" coveredmethods="6"/>
      <line num="1" count="7" type="stmt"/>
      <line num="10" count="7" type="stmt"/>
      <line num="11" count="4" type="stmt"/>
      <line num="14" count="7" type="stmt"/>
      <line num="15" count="4" type="stmt"/>
      <line num="18" count="7" type="stmt"/>
      <line num="19" count="4" type="stmt"/>
      <line num="22" count="7" type="stmt"/>
      <line num="23" count="5" type="stmt"/>
      <line num="26" count="7" type="stmt"/>
      <line num="27" count="3" type="stmt"/>
      <line num="30" count="7" type="stmt"/>
      <line num="31" count="1" type="stmt"/>
    </file>
    <file name="removeZeroLeft.ts" path="/home/tomas/Downloads/Calculator - Base/src/utils/removeZeroLeft.ts">
      <metrics statements="3" coveredstatements="3" conditionals="3" coveredconditionals="3" methods="1" coveredmethods="1"/>
      <line num="1" count="1" type="stmt"/>
      <line num="2" count="4" type="cond" truecount="1" falsecount="0"/>
      <line num="3" count="3" type="cond" truecount="2" falsecount="0"/>
    </file>
  </project>
</coverage>
