TN:
SF:src/utils/calculate.ts
FN:3,calculate
FNF:1
FNH:1
FNDA:4,calculate
DA:1,1
DA:3,1
DA:8,4
DA:9,4
DA:10,4
DA:12,4
LF:6
LH:6
BRF:0
BRH:0
end_of_record
TN:
SF:src/utils/isDot.ts
FN:1,isDot
FNF:1
FNH:1
FNDA:3,isDot
DA:1,1
DA:2,3
LF:2
LH:2
BRF:0
BRH:0
end_of_record
TN:
SF:src/utils/isNumber.ts
FN:1,(anonymous_0)
FNF:1
FNH:1
FNDA:4,(anonymous_0)
DA:1,1
DA:2,4
LF:2
LH:2
BRF:0
BRH:0
end_of_record
TN:
SF:src/utils/operations.ts
FN:10,sum
FN:14,subtract
FN:18,multiply
FN:22,divide
FN:26,equal
FN:30,allClear
FNF:6
FNH:6
FNDA:4,sum
FNDA:4,subtract
FNDA:4,multiply
FNDA:5,divide
FNDA:3,equal
FNDA:1,allClear
DA:1,7
DA:10,7
DA:11,4
DA:14,7
DA:15,4
DA:18,7
DA:19,4
DA:22,7
DA:23,5
DA:26,7
DA:27,3
DA:30,7
DA:31,1
LF:13
LH:13
BRF:0
BRH:0
end_of_record
TN:
SF:src/utils/removeZeroLeft.ts
FN:1,removeZeroLeft
FNF:1
FNH:1
FNDA:4,removeZeroLeft
DA:1,1
DA:2,4
DA:3,3
LF:3
LH:3
BRDA:2,0,0,1
BRDA:3,1,0,2
BRDA:3,1,1,1
BRF:3
BRH:3
end_of_record
